============================================================
🌿 iHemp Automated Deployment Trigger
============================================================
📊 Fetching iHemp projects...
✅ Found 17 iHemp projects

📋 Project List:
  • alabama      → ihemp-alabama (ID: prj_VEptzOvQ...)
  • arkansas     → ihemp-arkansas (ID: prj_yvP4Nkcy...)
  • california   → ihemp-california (ID: prj_CxRlONtD...)
  • colorado     → ihemp-colorado (ID: prj_5BYBeNCf...)
  • florida      → ihemp-florida (ID: prj_cSNm0d6v...)
  • georgia      → ihemp-georgia (ID: prj_OnqQe5K2...)
  • indiana      → ihemp-indiana (ID: prj_NCnQw7nk...)
  • iowa         → ihemp-iowa (ID: prj_CNHaN15V...)
  • kansas       → ihemp-kansas (ID: prj_CgZGSARd...)
  • kentucky     → ihemp-kentucky (ID: prj_HnKeXA2t...)
  • michigan     → ihemp-michigan (ID: prj_VxgTU8E3...)
  • mississippi  → ihemp-mississippi (ID: prj_JysJlLH5...)
  • nebraska     → ihemp-nebraska (ID: prj_HLOEuDfX...)
  • ohio         → ihemp-ohio (ID: prj_ROfZzIGS...)
  • oklahoma     → ihemp-oklahoma (ID: prj_nTkMv9XF...)
  • tennessee    → ihemp-tennessee (ID: prj_VHfV4ZQJ...)
  • texas        → ihemp-texas (ID: prj_7yYP5NGR...)

🚀 Deployment Status & Trigger:
------------------------------------------------------------

[ALABAMA] Checking ihemp-alabama...
  🚀 Triggering deployment for alabama...
  ❌ Failed: {'error': {'code': 'bad_request', 'message': 'Invalid request: "files" field should be an array'}}

[ARKANSAS] Checking ihemp-arkansas...
  🚀 Triggering deployment for arkansas...
  ❌ Failed: {'error': {'code': 'bad_request', 'message': 'Invalid request: "files" field should be an array'}}

[CALIFORNIA] Checking ihemp-california...
  🚀 Triggering deployment for california...
  ❌ Failed: {'error': {'code': 'bad_request', 'message': 'Invalid request: "files" field should be an array'}}

[COLORADO] Checking ihemp-colorado...
  ⏩ Already READY, skipping...
  🔗 URL: ihemp-colorado-4go692pjj-dave-crabills-projects.vercel.app

[FLORIDA] Checking ihemp-florida...
  🚀 Triggering deployment for florida...
  ❌ Failed: {'error': {'code': 'bad_request', 'message': 'Invalid request: "files" field should be an array'}}

[GEORGIA] Checking ihemp-georgia...
  🚀 Triggering deployment for georgia...
  ❌ Failed: {'error': {'code': 'bad_request', 'message': 'Invalid request: "files" field should be an array'}}

[INDIANA] Checking ihemp-indiana...
  🚀 Triggering deployment for indiana...
  ❌ Failed: {'error': {'code': 'bad_request', 'message': 'Invalid request: "files" field should be an array'}}

[IOWA] Checking ihemp-iowa...
  🚀 Triggering deployment for iowa...
  ❌ Failed: {'error': {'code': 'bad_request', 'message': 'Invalid request: "files" field should be an array'}}

[KANSAS] Checking ihemp-kansas...
  🚀 Triggering deployment for kansas...
  ❌ Failed: {'error': {'code': 'bad_request', 'message': 'Invalid request: "files" field should be an array'}}

[KENTUCKY] Checking ihemp-kentucky...
  🚀 Triggering deployment for kentucky...
  ❌ Failed: {'error': {'code': 'bad_request', 'message': 'Invalid request: "files" field should be an array'}}

[MICHIGAN] Checking ihemp-michigan...
  🚀 Triggering deployment for michigan...
  ❌ Failed: {'error': {'code': 'bad_request', 'message': 'Invalid request: "files" field should be an array'}}

[MISSISSIPPI] Checking ihemp-mississippi...
  🚀 Triggering deployment for mississippi...
  ❌ Failed: {'error': {'code': 'bad_request', 'message': 'Invalid request: "files" field should be an array'}}

[NEBRASKA] Checking ihemp-nebraska...
  🚀 Triggering deployment for nebraska...
  ❌ Failed: {'error': {'code': 'bad_request', 'message': 'Invalid request: "files" field should be an array'}}

[OHIO] Checking ihemp-ohio...
  🚀 Triggering deployment for ohio...
  ❌ Failed: {'error': {'code': 'bad_request', 'message': 'Invalid request: "files" field should be an array'}}

[OKLAHOMA] Checking ihemp-oklahoma...
  🚀 Triggering deployment for oklahoma...
  ❌ Failed: {'error': {'code': 'bad_request', 'message': 'Invalid request: "files" field should be an array'}}

[TENNESSEE] Checking ihemp-tennessee...
  🚀 Triggering deployment for tennessee...
  ❌ Failed: {'error': {'code': 'bad_request', 'message': 'Invalid request: "files" field should be an array'}}

[TEXAS] Checking ihemp-texas...
  🚀 Triggering deployment for texas...
  ❌ Failed: {'error': {'code': 'bad_request', 'message': 'Invalid request: "files" field should be an array'}}

============================================================
📊 DEPLOYMENT SUMMARY
============================================================

✅ Triggered deployments: 0 states

⏩ Skipped (already deploying/deployed): 1 states
  • colorado

🎯 Total iHemp states: 17
📈 Deployment progress: 1/17

ℹ️  Deployment takes 2-5 minutes per project.
ℹ️  Check progress at: https://vercel.com/dave-crabills-projects
ℹ️  Pro plan allows 12 concurrent builds!
